# JRE version: OpenJDK Runtime Environment (8.0_242-b01) (build 1.8.0_242-release-1644-b01)
# Java VM: OpenJDK 64-Bit Server VM (25.242-b01 mixed mode windows-amd64 compressed oops)
Heap:
 PSYoungGen      total 401920K, used 142080K [0x00000000e0000000, 0x0000000100000000, 0x0000000100000000)
  eden space 279552K, 30% used [0x00000000e0000000,0x00000000e52d5498,0x00000000f1100000)
  from space 122368K, 46% used [0x00000000f1100000,0x00000000f48eae30,0x00000000f8880000)
  to   space 119296K, 0% used [0x00000000f8b80000,0x00000000f8b80000,0x0000000100000000)
 ParOldGen       total 445952K, used 201103K [0x00000000a0000000, 0x00000000bb380000, 0x00000000e0000000)
  object space 445952K, 45% used [0x00000000a0000000,0x00000000ac463f18,0x00000000bb380000)
 Metaspace       used 146042K, capacity 152542K, committed 153128K, reserved 1183744K
  class space    used 17733K, capacity 19076K, committed 19240K, reserved 1048576K
GC Heap History (10 events):
Event: 420.481 GC heap before
{Heap before GC invocations=28 (full 4):
 PSYoungGen      total 413184K, used 394028K [0x00000000e0000000, 0x0000000100000000, 0x0000000100000000)
  eden space 313344K, 100% used [0x00000000e0000000,0x00000000f3200000,0x00000000f3200000)
  from space 99840K, 80% used [0x00000000f3200000,0x00000000f80cb260,0x00000000f9380000)
  to   space 111104K, 0% used [0x00000000f9380000,0x00000000f9380000,0x0000000100000000)
 ParOldGen       total 370176K, used 309223K [0x00000000a0000000, 0x00000000b6980000, 0x00000000e0000000)
  object space 370176K, 83% used [0x00000000a0000000,0x00000000b2df9c60,0x00000000b6980000)
 Metaspace       used 138805K, capacity 144978K, committed 145064K, reserved 1175552K
  class space    used 17033K, capacity 18332K, committed 18344K, reserved 1048576K
Event: 420.541 GC heap after
Heap after GC invocations=28 (full 4):
 PSYoungGen      total 418816K, used 40763K [0x00000000e0000000, 0x0000000100000000, 0x0000000100000000)
  eden space 307712K, 0% used [0x00000000e0000000,0x00000000e0000000,0x00000000f2c80000)
  from space 111104K, 36% used [0x00000000f9380000,0x00000000fbb4edc0,0x0000000100000000)
  to   space 105472K, 0% used [0x00000000f2c80000,0x00000000f2c80000,0x00000000f9380000)
 ParOldGen       total 370176K, used 309231K [0x00000000a0000000, 0x00000000b6980000, 0x00000000e0000000)
  object space 370176K, 83% used [0x00000000a0000000,0x00000000b2dfbc60,0x00000000b6980000)
 Metaspace       used 138805K, capacity 144978K, committed 145064K, reserved 1175552K
  class space    used 17033K, capacity 18332K, committed 18344K, reserved 1048576K
}
Event: 850.892 GC heap before
{Heap before GC invocations=29 (full 4):
 PSYoungGen      total 418816K, used 348475K [0x00000000e0000000, 0x0000000100000000, 0x0000000100000000)
  eden space 307712K, 100% used [0x00000000e0000000,0x00000000f2c80000,0x00000000f2c80000)
  from space 111104K, 36% used [0x00000000f9380000,0x00000000fbb4edc0,0x0000000100000000)
  to   space 105472K, 0% used [0x00000000f2c80000,0x00000000f2c80000,0x00000000f9380000)
 ParOldGen       total 370176K, used 309231K [0x00000000a0000000, 0x00000000b6980000, 0x00000000e0000000)
  object space 370176K, 83% used [0x00000000a0000000,0x00000000b2dfbc60,0x00000000b6980000)
 Metaspace       used 139337K, capacity 145684K, committed 145960K, reserved 1177600K
  class space    used 17071K, capacity 18397K, committed 18472K, reserved 1048576K
Event: 850.942 GC heap after
Heap after GC invocations=29 (full 4):
 PSYoungGen      total 340480K, used 32281K [0x00000000e0000000, 0x00000000fee80000, 0x0000000100000000)
  eden space 307712K, 0% used [0x00000000e0000000,0x00000000e0000000,0x00000000f2c80000)
  from space 32768K, 98% used [0x00000000f2c80000,0x00000000f4c06458,0x00000000f4c80000)
  to   space 99328K, 0% used [0x00000000f8d80000,0x00000000f8d80000,0x00000000fee80000)
 ParOldGen       total 370176K, used 309239K [0x00000000a0000000, 0x00000000b6980000, 0x00000000e0000000)
  object space 370176K, 83% used [0x00000000a0000000,0x00000000b2dfdc60,0x00000000b6980000)
 Metaspace       used 139337K, capacity 145684K, committed 145960K, reserved 1177600K
  class space    used 17071K, capacity 18397K, committed 18472K, reserved 1048576K
}
Event: 855.383 GC heap before
{Heap before GC invocations=30 (full 4):
 PSYoungGen      total 340480K, used 339993K [0x00000000e0000000, 0x00000000fee80000, 0x0000000100000000)
  eden space 307712K, 100% used [0x00000000e0000000,0x00000000f2c80000,0x00000000f2c80000)
  from space 32768K, 98% used [0x00000000f2c80000,0x00000000f4c06458,0x00000000f4c80000)
  to   space 99328K, 0% used [0x00000000f8d80000,0x00000000f8d80000,0x00000000fee80000)
 ParOldGen       total 370176K, used 309239K [0x00000000a0000000, 0x00000000b6980000, 0x00000000e0000000)
  object space 370176K, 83% used [0x00000000a0000000,0x00000000b2dfdc60,0x00000000b6980000)
 Metaspace       used 145891K, capacity 152430K, committed 152872K, reserved 1183744K
  class space    used 17761K, capacity 19124K, committed 19240K, reserved 1048576K
Event: 855.632 GC heap after
Heap after GC invocations=30 (full 4):
 PSYoungGen      total 378880K, used 99303K [0x00000000e0000000, 0x0000000100000000, 0x0000000100000000)
  eden space 279552K, 0% used [0x00000000e0000000,0x00000000e0000000,0x00000000f1100000)
  from space 99328K, 99% used [0x00000000f8d80000,0x00000000fee79f78,0x00000000fee80000)
  to   space 122368K, 0% used [0x00000000f1100000,0x00000000f1100000,0x00000000f8880000)
 ParOldGen       total 370176K, used 324984K [0x00000000a0000000, 0x00000000b6980000, 0x00000000e0000000)
  object space 370176K, 87% used [0x00000000a0000000,0x00000000b3d5e380,0x00000000b6980000)
 Metaspace       used 145891K, capacity 152430K, committed 152872K, reserved 1183744K
  class space    used 17761K, capacity 19124K, committed 19240K, reserved 1048576K
}
Event: 855.632 GC heap before
{Heap before GC invocations=31 (full 5):
 PSYoungGen      total 378880K, used 99303K [0x00000000e0000000, 0x0000000100000000, 0x0000000100000000)
  eden space 279552K, 0% used [0x00000000e0000000,0x00000000e0000000,0x00000000f1100000)
  from space 99328K, 99% used [0x00000000f8d80000,0x00000000fee79f78,0x00000000fee80000)
  to   space 122368K, 0% used [0x00000000f1100000,0x00000000f1100000,0x00000000f8880000)
 ParOldGen       total 370176K, used 324984K [0x00000000a0000000, 0x00000000b6980000, 0x00000000e0000000)
  object space 370176K, 87% used [0x00000000a0000000,0x00000000b3d5e380,0x00000000b6980000)
 Metaspace       used 145891K, capacity 152430K, committed 152872K, reserved 1183744K
  class space    used 17761K, capacity 19124K, committed 19240K, reserved 1048576K
Event: 856.668 GC heap after
Heap after GC invocations=31 (full 5):
 PSYoungGen      total 378880K, used 0K [0x00000000e0000000, 0x0000000100000000, 0x0000000100000000)
  eden space 279552K, 0% used [0x00000000e0000000,0x00000000e0000000,0x00000000f1100000)
  from space 99328K, 0% used [0x00000000f8d80000,0x00000000f8d80000,0x00000000fee80000)
  to   space 122368K, 0% used [0x00000000f1100000,0x00000000f1100000,0x00000000f8880000)
 ParOldGen       total 445952K, used 201095K [0x00000000a0000000, 0x00000000bb380000, 0x00000000e0000000)
  object space 445952K, 45% used [0x00000000a0000000,0x00000000ac461f18,0x00000000bb380000)
 Metaspace       used 145802K, capacity 152216K, committed 152872K, reserved 1183744K
  class space    used 17729K, capacity 19069K, committed 19240K, reserved 1048576K
}
Event: 861.059 GC heap before
{Heap before GC invocations=32 (full 5):
 PSYoungGen      total 378880K, used 279552K [0x00000000e0000000, 0x0000000100000000, 0x0000000100000000)
  eden space 279552K, 100% used [0x00000000e0000000,0x00000000f1100000,0x00000000f1100000)
  from space 99328K, 0% used [0x00000000f8d80000,0x00000000f8d80000,0x00000000fee80000)
  to   space 122368K, 0% used [0x00000000f1100000,0x00000000f1100000,0x00000000f8880000)
 ParOldGen       total 445952K, used 201095K [0x00000000a0000000, 0x00000000bb380000, 0x00000000e0000000)
  object space 445952K, 45% used [0x00000000a0000000,0x00000000ac461f18,0x00000000bb380000)
 Metaspace       used 145882K, capacity 152290K, committed 152872K, reserved 1183744K
  class space    used 17730K, capacity 19070K, committed 19240K, reserved 1048576K
Event: 861.173 GC heap after
Heap after GC invocations=32 (full 5):
 PSYoungGen      total 401920K, used 57259K [0x00000000e0000000, 0x0000000100000000, 0x0000000100000000)
  eden space 279552K, 0% used [0x00000000e0000000,0x00000000e0000000,0x00000000f1100000)
  from space 122368K, 46% used [0x00000000f1100000,0x00000000f48eae30,0x00000000f8880000)
  to   space 119296K, 0% used [0x00000000f8b80000,0x00000000f8b80000,0x0000000100000000)
 ParOldGen       total 445952K, used 201103K [0x00000000a0000000, 0x00000000bb380000, 0x00000000e0000000)
  object space 445952K, 45% used [0x00000000a0000000,0x00000000ac463f18,0x00000000bb380000)
 Metaspace       used 145882K, capacity 152290K, committed 152872K, reserved 1183744K
  class space    used 17730K, capacity 19070K, committed 19240K, reserved 1048576K
}

